[2025-05-14 18:34:05] production.ERROR: The C:\Users\Auxtic03\OneDrive - LEGUMEX, S.A\Escritorio\WholeProjectReciJoco\reciclajeprojectapi-laravel\bootstrap\cache directory must be present and writable. {"exception":"[object] (Exception(code: 0): The C:\\Users\\Auxtic03\\OneDrive - LEGUMEX, S.A\\Escritorio\\WholeProjectReciJoco\\reciclajeprojectapi-laravel\\bootstrap\\cache directory must be present and writable. at C:\\Users\\Auxtic03\\OneDrive - LEGUMEX, S.A\\Escritorio\\WholeProjectReciJoco\\reciclajeprojectapi-laravel\\vendor\\laravel\\framework\\src\\Illuminate\\Foundation\\PackageManifest.php:179)
[stacktrace]
#0 C:\\Users\\Auxtic03\\OneDrive - LEGUMEX, S.A\\Escritorio\\WholeProjectReciJoco\\reciclajeprojectapi-laravel\\vendor\\laravel\\framework\\src\\Illuminate\\Foundation\\PackageManifest.php(132): Illuminate\\Foundation\\PackageManifest->write()
#1 C:\\Users\\Auxtic03\\OneDrive - LEGUMEX, S.A\\Escritorio\\WholeProjectReciJoco\\reciclajeprojectapi-laravel\\vendor\\laravel\\framework\\src\\Illuminate\\Foundation\\PackageManifest.php(108): Illuminate\\Foundation\\PackageManifest->build()
#2 C:\\Users\\Auxtic03\\OneDrive - LEGUMEX, S.A\\Escritorio\\WholeProjectReciJoco\\reciclajeprojectapi-laravel\\vendor\\laravel\\framework\\src\\Illuminate\\Foundation\\PackageManifest.php(90): Illuminate\\Foundation\\PackageManifest->getManifest()
#3 C:\\Users\\Auxtic03\\OneDrive - LEGUMEX, S.A\\Escritorio\\WholeProjectReciJoco\\reciclajeprojectapi-laravel\\vendor\\laravel\\framework\\src\\Illuminate\\Foundation\\PackageManifest.php(79): Illuminate\\Foundation\\PackageManifest->config()
#4 C:\\Users\\Auxtic03\\OneDrive - LEGUMEX, S.A\\Escritorio\\WholeProjectReciJoco\\reciclajeprojectapi-laravel\\vendor\\laravel\\framework\\src\\Illuminate\\Foundation\\Bootstrap\\RegisterFacades.php(26): Illuminate\\Foundation\\PackageManifest->aliases()
#5 C:\\Users\\Auxtic03\\OneDrive - LEGUMEX, S.A\\Escritorio\\WholeProjectReciJoco\\reciclajeprojectapi-laravel\\vendor\\laravel\\framework\\src\\Illuminate\\Foundation\\Application.php(341): Illuminate\\Foundation\\Bootstrap\\RegisterFacades->bootstrap()
#6 C:\\Users\\Auxtic03\\OneDrive - LEGUMEX, S.A\\Escritorio\\WholeProjectReciJoco\\reciclajeprojectapi-laravel\\vendor\\laravel\\framework\\src\\Illuminate\\Foundation\\Console\\Kernel.php(473): Illuminate\\Foundation\\Application->bootstrapWith()
#7 C:\\Users\\Auxtic03\\OneDrive - LEGUMEX, S.A\\Escritorio\\WholeProjectReciJoco\\reciclajeprojectapi-laravel\\vendor\\laravel\\framework\\src\\Illuminate\\Foundation\\Console\\Kernel.php(195): Illuminate\\Foundation\\Console\\Kernel->bootstrap()
#8 C:\\Users\\Auxtic03\\OneDrive - LEGUMEX, S.A\\Escritorio\\WholeProjectReciJoco\\reciclajeprojectapi-laravel\\vendor\\laravel\\framework\\src\\Illuminate\\Foundation\\Application.php(1234): Illuminate\\Foundation\\Console\\Kernel->handle()
#9 C:\\Users\\Auxtic03\\OneDrive - LEGUMEX, S.A\\Escritorio\\WholeProjectReciJoco\\reciclajeprojectapi-laravel\\artisan(16): Illuminate\\Foundation\\Application->handleCommand()
#10 {main}
"} 
[2025-05-14 18:34:26] production.ERROR: The C:\Users\Auxtic03\OneDrive - LEGUMEX, S.A\Escritorio\WholeProjectReciJoco\reciclajeprojectapi-laravel\bootstrap\cache directory must be present and writable. {"exception":"[object] (Exception(code: 0): The C:\\Users\\Auxtic03\\OneDrive - LEGUMEX, S.A\\Escritorio\\WholeProjectReciJoco\\reciclajeprojectapi-laravel\\bootstrap\\cache directory must be present and writable. at C:\\Users\\Auxtic03\\OneDrive - LEGUMEX, S.A\\Escritorio\\WholeProjectReciJoco\\reciclajeprojectapi-laravel\\vendor\\laravel\\framework\\src\\Illuminate\\Foundation\\PackageManifest.php:179)
[stacktrace]
#0 C:\\Users\\Auxtic03\\OneDrive - LEGUMEX, S.A\\Escritorio\\WholeProjectReciJoco\\reciclajeprojectapi-laravel\\vendor\\laravel\\framework\\src\\Illuminate\\Foundation\\PackageManifest.php(132): Illuminate\\Foundation\\PackageManifest->write()
#1 C:\\Users\\Auxtic03\\OneDrive - LEGUMEX, S.A\\Escritorio\\WholeProjectReciJoco\\reciclajeprojectapi-laravel\\vendor\\laravel\\framework\\src\\Illuminate\\Foundation\\PackageManifest.php(108): Illuminate\\Foundation\\PackageManifest->build()
#2 C:\\Users\\Auxtic03\\OneDrive - LEGUMEX, S.A\\Escritorio\\WholeProjectReciJoco\\reciclajeprojectapi-laravel\\vendor\\laravel\\framework\\src\\Illuminate\\Foundation\\PackageManifest.php(90): Illuminate\\Foundation\\PackageManifest->getManifest()
#3 C:\\Users\\Auxtic03\\OneDrive - LEGUMEX, S.A\\Escritorio\\WholeProjectReciJoco\\reciclajeprojectapi-laravel\\vendor\\laravel\\framework\\src\\Illuminate\\Foundation\\PackageManifest.php(79): Illuminate\\Foundation\\PackageManifest->config()
#4 C:\\Users\\Auxtic03\\OneDrive - LEGUMEX, S.A\\Escritorio\\WholeProjectReciJoco\\reciclajeprojectapi-laravel\\vendor\\laravel\\framework\\src\\Illuminate\\Foundation\\Bootstrap\\RegisterFacades.php(26): Illuminate\\Foundation\\PackageManifest->aliases()
#5 C:\\Users\\Auxtic03\\OneDrive - LEGUMEX, S.A\\Escritorio\\WholeProjectReciJoco\\reciclajeprojectapi-laravel\\vendor\\laravel\\framework\\src\\Illuminate\\Foundation\\Application.php(341): Illuminate\\Foundation\\Bootstrap\\RegisterFacades->bootstrap()
#6 C:\\Users\\Auxtic03\\OneDrive - LEGUMEX, S.A\\Escritorio\\WholeProjectReciJoco\\reciclajeprojectapi-laravel\\vendor\\laravel\\framework\\src\\Illuminate\\Foundation\\Console\\Kernel.php(473): Illuminate\\Foundation\\Application->bootstrapWith()
#7 C:\\Users\\Auxtic03\\OneDrive - LEGUMEX, S.A\\Escritorio\\WholeProjectReciJoco\\reciclajeprojectapi-laravel\\vendor\\laravel\\framework\\src\\Illuminate\\Foundation\\Console\\Kernel.php(195): Illuminate\\Foundation\\Console\\Kernel->bootstrap()
#8 C:\\Users\\Auxtic03\\OneDrive - LEGUMEX, S.A\\Escritorio\\WholeProjectReciJoco\\reciclajeprojectapi-laravel\\vendor\\laravel\\framework\\src\\Illuminate\\Foundation\\Application.php(1234): Illuminate\\Foundation\\Console\\Kernel->handle()
#9 C:\\Users\\Auxtic03\\OneDrive - LEGUMEX, S.A\\Escritorio\\WholeProjectReciJoco\\reciclajeprojectapi-laravel\\artisan(16): Illuminate\\Foundation\\Application->handleCommand()
#10 {main}
"} 
[2025-05-14 18:36:50] production.ERROR: The C:\Users\Auxtic03\OneDrive - LEGUMEX, S.A\Escritorio\WholeProjectReciJoco\reciclajeprojectapi-laravel\bootstrap\cache directory must be present and writable. {"exception":"[object] (Exception(code: 0): The C:\\Users\\Auxtic03\\OneDrive - LEGUMEX, S.A\\Escritorio\\WholeProjectReciJoco\\reciclajeprojectapi-laravel\\bootstrap\\cache directory must be present and writable. at C:\\Users\\Auxtic03\\OneDrive - LEGUMEX, S.A\\Escritorio\\WholeProjectReciJoco\\reciclajeprojectapi-laravel\\vendor\\laravel\\framework\\src\\Illuminate\\Foundation\\PackageManifest.php:179)
[stacktrace]
#0 C:\\Users\\Auxtic03\\OneDrive - LEGUMEX, S.A\\Escritorio\\WholeProjectReciJoco\\reciclajeprojectapi-laravel\\vendor\\laravel\\framework\\src\\Illuminate\\Foundation\\PackageManifest.php(132): Illuminate\\Foundation\\PackageManifest->write()
#1 C:\\Users\\Auxtic03\\OneDrive - LEGUMEX, S.A\\Escritorio\\WholeProjectReciJoco\\reciclajeprojectapi-laravel\\vendor\\laravel\\framework\\src\\Illuminate\\Foundation\\PackageManifest.php(108): Illuminate\\Foundation\\PackageManifest->build()
#2 C:\\Users\\Auxtic03\\OneDrive - LEGUMEX, S.A\\Escritorio\\WholeProjectReciJoco\\reciclajeprojectapi-laravel\\vendor\\laravel\\framework\\src\\Illuminate\\Foundation\\PackageManifest.php(90): Illuminate\\Foundation\\PackageManifest->getManifest()
#3 C:\\Users\\Auxtic03\\OneDrive - LEGUMEX, S.A\\Escritorio\\WholeProjectReciJoco\\reciclajeprojectapi-laravel\\vendor\\laravel\\framework\\src\\Illuminate\\Foundation\\PackageManifest.php(79): Illuminate\\Foundation\\PackageManifest->config()
#4 C:\\Users\\Auxtic03\\OneDrive - LEGUMEX, S.A\\Escritorio\\WholeProjectReciJoco\\reciclajeprojectapi-laravel\\vendor\\laravel\\framework\\src\\Illuminate\\Foundation\\Bootstrap\\RegisterFacades.php(26): Illuminate\\Foundation\\PackageManifest->aliases()
#5 C:\\Users\\Auxtic03\\OneDrive - LEGUMEX, S.A\\Escritorio\\WholeProjectReciJoco\\reciclajeprojectapi-laravel\\vendor\\laravel\\framework\\src\\Illuminate\\Foundation\\Application.php(341): Illuminate\\Foundation\\Bootstrap\\RegisterFacades->bootstrap()
#6 C:\\Users\\Auxtic03\\OneDrive - LEGUMEX, S.A\\Escritorio\\WholeProjectReciJoco\\reciclajeprojectapi-laravel\\vendor\\laravel\\framework\\src\\Illuminate\\Foundation\\Console\\Kernel.php(473): Illuminate\\Foundation\\Application->bootstrapWith()
#7 C:\\Users\\Auxtic03\\OneDrive - LEGUMEX, S.A\\Escritorio\\WholeProjectReciJoco\\reciclajeprojectapi-laravel\\vendor\\laravel\\framework\\src\\Illuminate\\Foundation\\Console\\Kernel.php(195): Illuminate\\Foundation\\Console\\Kernel->bootstrap()
#8 C:\\Users\\Auxtic03\\OneDrive - LEGUMEX, S.A\\Escritorio\\WholeProjectReciJoco\\reciclajeprojectapi-laravel\\vendor\\laravel\\framework\\src\\Illuminate\\Foundation\\Application.php(1234): Illuminate\\Foundation\\Console\\Kernel->handle()
#9 C:\\Users\\Auxtic03\\OneDrive - LEGUMEX, S.A\\Escritorio\\WholeProjectReciJoco\\reciclajeprojectapi-laravel\\artisan(16): Illuminate\\Foundation\\Application->handleCommand()
#10 {main}
"} 
[2025-05-14 18:37:08] production.ERROR: The C:\Users\Auxtic03\OneDrive - LEGUMEX, S.A\Escritorio\WholeProjectReciJoco\reciclajeprojectapi-laravel\bootstrap\cache directory must be present and writable. {"exception":"[object] (Exception(code: 0): The C:\\Users\\Auxtic03\\OneDrive - LEGUMEX, S.A\\Escritorio\\WholeProjectReciJoco\\reciclajeprojectapi-laravel\\bootstrap\\cache directory must be present and writable. at C:\\Users\\Auxtic03\\OneDrive - LEGUMEX, S.A\\Escritorio\\WholeProjectReciJoco\\reciclajeprojectapi-laravel\\vendor\\laravel\\framework\\src\\Illuminate\\Foundation\\PackageManifest.php:179)
[stacktrace]
#0 C:\\Users\\Auxtic03\\OneDrive - LEGUMEX, S.A\\Escritorio\\WholeProjectReciJoco\\reciclajeprojectapi-laravel\\vendor\\laravel\\framework\\src\\Illuminate\\Foundation\\PackageManifest.php(132): Illuminate\\Foundation\\PackageManifest->write()
#1 C:\\Users\\Auxtic03\\OneDrive - LEGUMEX, S.A\\Escritorio\\WholeProjectReciJoco\\reciclajeprojectapi-laravel\\vendor\\laravel\\framework\\src\\Illuminate\\Foundation\\PackageManifest.php(108): Illuminate\\Foundation\\PackageManifest->build()
#2 C:\\Users\\Auxtic03\\OneDrive - LEGUMEX, S.A\\Escritorio\\WholeProjectReciJoco\\reciclajeprojectapi-laravel\\vendor\\laravel\\framework\\src\\Illuminate\\Foundation\\PackageManifest.php(90): Illuminate\\Foundation\\PackageManifest->getManifest()
#3 C:\\Users\\Auxtic03\\OneDrive - LEGUMEX, S.A\\Escritorio\\WholeProjectReciJoco\\reciclajeprojectapi-laravel\\vendor\\laravel\\framework\\src\\Illuminate\\Foundation\\PackageManifest.php(79): Illuminate\\Foundation\\PackageManifest->config()
#4 C:\\Users\\Auxtic03\\OneDrive - LEGUMEX, S.A\\Escritorio\\WholeProjectReciJoco\\reciclajeprojectapi-laravel\\vendor\\laravel\\framework\\src\\Illuminate\\Foundation\\Bootstrap\\RegisterFacades.php(26): Illuminate\\Foundation\\PackageManifest->aliases()
#5 C:\\Users\\Auxtic03\\OneDrive - LEGUMEX, S.A\\Escritorio\\WholeProjectReciJoco\\reciclajeprojectapi-laravel\\vendor\\laravel\\framework\\src\\Illuminate\\Foundation\\Application.php(341): Illuminate\\Foundation\\Bootstrap\\RegisterFacades->bootstrap()
#6 C:\\Users\\Auxtic03\\OneDrive - LEGUMEX, S.A\\Escritorio\\WholeProjectReciJoco\\reciclajeprojectapi-laravel\\vendor\\laravel\\framework\\src\\Illuminate\\Foundation\\Console\\Kernel.php(473): Illuminate\\Foundation\\Application->bootstrapWith()
#7 C:\\Users\\Auxtic03\\OneDrive - LEGUMEX, S.A\\Escritorio\\WholeProjectReciJoco\\reciclajeprojectapi-laravel\\vendor\\laravel\\framework\\src\\Illuminate\\Foundation\\Console\\Kernel.php(195): Illuminate\\Foundation\\Console\\Kernel->bootstrap()
#8 C:\\Users\\Auxtic03\\OneDrive - LEGUMEX, S.A\\Escritorio\\WholeProjectReciJoco\\reciclajeprojectapi-laravel\\vendor\\laravel\\framework\\src\\Illuminate\\Foundation\\Application.php(1234): Illuminate\\Foundation\\Console\\Kernel->handle()
#9 C:\\Users\\Auxtic03\\OneDrive - LEGUMEX, S.A\\Escritorio\\WholeProjectReciJoco\\reciclajeprojectapi-laravel\\artisan(16): Illuminate\\Foundation\\Application->handleCommand()
#10 {main}
"} 
[2025-05-14 18:37:24] production.ERROR: The C:\Users\Auxtic03\OneDrive - LEGUMEX, S.A\Escritorio\WholeProjectReciJoco\reciclajeprojectapi-laravel\bootstrap\cache directory must be present and writable. {"exception":"[object] (Exception(code: 0): The C:\\Users\\Auxtic03\\OneDrive - LEGUMEX, S.A\\Escritorio\\WholeProjectReciJoco\\reciclajeprojectapi-laravel\\bootstrap\\cache directory must be present and writable. at C:\\Users\\Auxtic03\\OneDrive - LEGUMEX, S.A\\Escritorio\\WholeProjectReciJoco\\reciclajeprojectapi-laravel\\vendor\\laravel\\framework\\src\\Illuminate\\Foundation\\PackageManifest.php:179)
[stacktrace]
#0 C:\\Users\\Auxtic03\\OneDrive - LEGUMEX, S.A\\Escritorio\\WholeProjectReciJoco\\reciclajeprojectapi-laravel\\vendor\\laravel\\framework\\src\\Illuminate\\Foundation\\PackageManifest.php(132): Illuminate\\Foundation\\PackageManifest->write()
#1 C:\\Users\\Auxtic03\\OneDrive - LEGUMEX, S.A\\Escritorio\\WholeProjectReciJoco\\reciclajeprojectapi-laravel\\vendor\\laravel\\framework\\src\\Illuminate\\Foundation\\PackageManifest.php(108): Illuminate\\Foundation\\PackageManifest->build()
#2 C:\\Users\\Auxtic03\\OneDrive - LEGUMEX, S.A\\Escritorio\\WholeProjectReciJoco\\reciclajeprojectapi-laravel\\vendor\\laravel\\framework\\src\\Illuminate\\Foundation\\PackageManifest.php(90): Illuminate\\Foundation\\PackageManifest->getManifest()
#3 C:\\Users\\Auxtic03\\OneDrive - LEGUMEX, S.A\\Escritorio\\WholeProjectReciJoco\\reciclajeprojectapi-laravel\\vendor\\laravel\\framework\\src\\Illuminate\\Foundation\\PackageManifest.php(79): Illuminate\\Foundation\\PackageManifest->config()
#4 C:\\Users\\Auxtic03\\OneDrive - LEGUMEX, S.A\\Escritorio\\WholeProjectReciJoco\\reciclajeprojectapi-laravel\\vendor\\laravel\\framework\\src\\Illuminate\\Foundation\\Bootstrap\\RegisterFacades.php(26): Illuminate\\Foundation\\PackageManifest->aliases()
#5 C:\\Users\\Auxtic03\\OneDrive - LEGUMEX, S.A\\Escritorio\\WholeProjectReciJoco\\reciclajeprojectapi-laravel\\vendor\\laravel\\framework\\src\\Illuminate\\Foundation\\Application.php(341): Illuminate\\Foundation\\Bootstrap\\RegisterFacades->bootstrap()
#6 C:\\Users\\Auxtic03\\OneDrive - LEGUMEX, S.A\\Escritorio\\WholeProjectReciJoco\\reciclajeprojectapi-laravel\\vendor\\laravel\\framework\\src\\Illuminate\\Foundation\\Console\\Kernel.php(473): Illuminate\\Foundation\\Application->bootstrapWith()
#7 C:\\Users\\Auxtic03\\OneDrive - LEGUMEX, S.A\\Escritorio\\WholeProjectReciJoco\\reciclajeprojectapi-laravel\\vendor\\laravel\\framework\\src\\Illuminate\\Foundation\\Console\\Kernel.php(195): Illuminate\\Foundation\\Console\\Kernel->bootstrap()
#8 C:\\Users\\Auxtic03\\OneDrive - LEGUMEX, S.A\\Escritorio\\WholeProjectReciJoco\\reciclajeprojectapi-laravel\\vendor\\laravel\\framework\\src\\Illuminate\\Foundation\\Application.php(1234): Illuminate\\Foundation\\Console\\Kernel->handle()
#9 C:\\Users\\Auxtic03\\OneDrive - LEGUMEX, S.A\\Escritorio\\WholeProjectReciJoco\\reciclajeprojectapi-laravel\\artisan(16): Illuminate\\Foundation\\Application->handleCommand()
#10 {main}
"} 
[2025-05-14 18:38:07] production.ERROR: The C:\Users\Auxtic03\OneDrive - LEGUMEX, S.A\Escritorio\WholeProjectReciJoco\reciclajeprojectapi-laravel\bootstrap\cache directory must be present and writable. {"exception":"[object] (Exception(code: 0): The C:\\Users\\Auxtic03\\OneDrive - LEGUMEX, S.A\\Escritorio\\WholeProjectReciJoco\\reciclajeprojectapi-laravel\\bootstrap\\cache directory must be present and writable. at C:\\Users\\Auxtic03\\OneDrive - LEGUMEX, S.A\\Escritorio\\WholeProjectReciJoco\\reciclajeprojectapi-laravel\\vendor\\laravel\\framework\\src\\Illuminate\\Foundation\\PackageManifest.php:179)
[stacktrace]
#0 C:\\Users\\Auxtic03\\OneDrive - LEGUMEX, S.A\\Escritorio\\WholeProjectReciJoco\\reciclajeprojectapi-laravel\\vendor\\laravel\\framework\\src\\Illuminate\\Foundation\\PackageManifest.php(132): Illuminate\\Foundation\\PackageManifest->write()
#1 C:\\Users\\Auxtic03\\OneDrive - LEGUMEX, S.A\\Escritorio\\WholeProjectReciJoco\\reciclajeprojectapi-laravel\\vendor\\laravel\\framework\\src\\Illuminate\\Foundation\\PackageManifest.php(108): Illuminate\\Foundation\\PackageManifest->build()
#2 C:\\Users\\Auxtic03\\OneDrive - LEGUMEX, S.A\\Escritorio\\WholeProjectReciJoco\\reciclajeprojectapi-laravel\\vendor\\laravel\\framework\\src\\Illuminate\\Foundation\\PackageManifest.php(90): Illuminate\\Foundation\\PackageManifest->getManifest()
#3 C:\\Users\\Auxtic03\\OneDrive - LEGUMEX, S.A\\Escritorio\\WholeProjectReciJoco\\reciclajeprojectapi-laravel\\vendor\\laravel\\framework\\src\\Illuminate\\Foundation\\PackageManifest.php(79): Illuminate\\Foundation\\PackageManifest->config()
#4 C:\\Users\\Auxtic03\\OneDrive - LEGUMEX, S.A\\Escritorio\\WholeProjectReciJoco\\reciclajeprojectapi-laravel\\vendor\\laravel\\framework\\src\\Illuminate\\Foundation\\Bootstrap\\RegisterFacades.php(26): Illuminate\\Foundation\\PackageManifest->aliases()
#5 C:\\Users\\Auxtic03\\OneDrive - LEGUMEX, S.A\\Escritorio\\WholeProjectReciJoco\\reciclajeprojectapi-laravel\\vendor\\laravel\\framework\\src\\Illuminate\\Foundation\\Application.php(341): Illuminate\\Foundation\\Bootstrap\\RegisterFacades->bootstrap()
#6 C:\\Users\\Auxtic03\\OneDrive - LEGUMEX, S.A\\Escritorio\\WholeProjectReciJoco\\reciclajeprojectapi-laravel\\vendor\\laravel\\framework\\src\\Illuminate\\Foundation\\Console\\Kernel.php(473): Illuminate\\Foundation\\Application->bootstrapWith()
#7 C:\\Users\\Auxtic03\\OneDrive - LEGUMEX, S.A\\Escritorio\\WholeProjectReciJoco\\reciclajeprojectapi-laravel\\vendor\\laravel\\framework\\src\\Illuminate\\Foundation\\Console\\Kernel.php(195): Illuminate\\Foundation\\Console\\Kernel->bootstrap()
#8 C:\\Users\\Auxtic03\\OneDrive - LEGUMEX, S.A\\Escritorio\\WholeProjectReciJoco\\reciclajeprojectapi-laravel\\vendor\\laravel\\framework\\src\\Illuminate\\Foundation\\Application.php(1234): Illuminate\\Foundation\\Console\\Kernel->handle()
#9 C:\\Users\\Auxtic03\\OneDrive - LEGUMEX, S.A\\Escritorio\\WholeProjectReciJoco\\reciclajeprojectapi-laravel\\artisan(16): Illuminate\\Foundation\\Application->handleCommand()
#10 {main}
"} 
[2025-05-16 02:56:06] production.ERROR: The C:\Users\Auxtic03\OneDrive - LEGUMEX, S.A\Escritorio\WholeProjectReciJoco\reciclajeprojectapi-laravel\bootstrap\cache directory must be present and writable. {"exception":"[object] (Exception(code: 0): The C:\\Users\\Auxtic03\\OneDrive - LEGUMEX, S.A\\Escritorio\\WholeProjectReciJoco\\reciclajeprojectapi-laravel\\bootstrap\\cache directory must be present and writable. at C:\\Users\\Auxtic03\\OneDrive - LEGUMEX, S.A\\Escritorio\\WholeProjectReciJoco\\reciclajeprojectapi-laravel\\vendor\\laravel\\framework\\src\\Illuminate\\Foundation\\PackageManifest.php:179)
[stacktrace]
#0 C:\\Users\\Auxtic03\\OneDrive - LEGUMEX, S.A\\Escritorio\\WholeProjectReciJoco\\reciclajeprojectapi-laravel\\vendor\\laravel\\framework\\src\\Illuminate\\Foundation\\PackageManifest.php(132): Illuminate\\Foundation\\PackageManifest->write()
#1 C:\\Users\\Auxtic03\\OneDrive - LEGUMEX, S.A\\Escritorio\\WholeProjectReciJoco\\reciclajeprojectapi-laravel\\vendor\\laravel\\framework\\src\\Illuminate\\Foundation\\PackageManifest.php(108): Illuminate\\Foundation\\PackageManifest->build()
#2 C:\\Users\\Auxtic03\\OneDrive - LEGUMEX, S.A\\Escritorio\\WholeProjectReciJoco\\reciclajeprojectapi-laravel\\vendor\\laravel\\framework\\src\\Illuminate\\Foundation\\PackageManifest.php(90): Illuminate\\Foundation\\PackageManifest->getManifest()
#3 C:\\Users\\Auxtic03\\OneDrive - LEGUMEX, S.A\\Escritorio\\WholeProjectReciJoco\\reciclajeprojectapi-laravel\\vendor\\laravel\\framework\\src\\Illuminate\\Foundation\\PackageManifest.php(79): Illuminate\\Foundation\\PackageManifest->config()
#4 C:\\Users\\Auxtic03\\OneDrive - LEGUMEX, S.A\\Escritorio\\WholeProjectReciJoco\\reciclajeprojectapi-laravel\\vendor\\laravel\\framework\\src\\Illuminate\\Foundation\\Bootstrap\\RegisterFacades.php(26): Illuminate\\Foundation\\PackageManifest->aliases()
#5 C:\\Users\\Auxtic03\\OneDrive - LEGUMEX, S.A\\Escritorio\\WholeProjectReciJoco\\reciclajeprojectapi-laravel\\vendor\\laravel\\framework\\src\\Illuminate\\Foundation\\Application.php(341): Illuminate\\Foundation\\Bootstrap\\RegisterFacades->bootstrap()
#6 C:\\Users\\Auxtic03\\OneDrive - LEGUMEX, S.A\\Escritorio\\WholeProjectReciJoco\\reciclajeprojectapi-laravel\\vendor\\laravel\\framework\\src\\Illuminate\\Foundation\\Console\\Kernel.php(473): Illuminate\\Foundation\\Application->bootstrapWith()
#7 C:\\Users\\Auxtic03\\OneDrive - LEGUMEX, S.A\\Escritorio\\WholeProjectReciJoco\\reciclajeprojectapi-laravel\\vendor\\laravel\\framework\\src\\Illuminate\\Foundation\\Console\\Kernel.php(195): Illuminate\\Foundation\\Console\\Kernel->bootstrap()
#8 C:\\Users\\Auxtic03\\OneDrive - LEGUMEX, S.A\\Escritorio\\WholeProjectReciJoco\\reciclajeprojectapi-laravel\\vendor\\laravel\\framework\\src\\Illuminate\\Foundation\\Application.php(1234): Illuminate\\Foundation\\Console\\Kernel->handle()
#9 C:\\Users\\Auxtic03\\OneDrive - LEGUMEX, S.A\\Escritorio\\WholeProjectReciJoco\\reciclajeprojectapi-laravel\\artisan(16): Illuminate\\Foundation\\Application->handleCommand()
#10 {main}
"} 
[2025-05-17 20:13:44] production.ERROR: The C:\Users\Auxtic03\OneDrive - LEGUMEX, S.A\Escritorio\WholeProjectReciJoco\reciclajeprojectapi-laravel\bootstrap\cache directory must be present and writable. {"exception":"[object] (Exception(code: 0): The C:\\Users\\Auxtic03\\OneDrive - LEGUMEX, S.A\\Escritorio\\WholeProjectReciJoco\\reciclajeprojectapi-laravel\\bootstrap\\cache directory must be present and writable. at C:\\Users\\Auxtic03\\OneDrive - LEGUMEX, S.A\\Escritorio\\WholeProjectReciJoco\\reciclajeprojectapi-laravel\\vendor\\laravel\\framework\\src\\Illuminate\\Foundation\\PackageManifest.php:179)
[stacktrace]
#0 C:\\Users\\Auxtic03\\OneDrive - LEGUMEX, S.A\\Escritorio\\WholeProjectReciJoco\\reciclajeprojectapi-laravel\\vendor\\laravel\\framework\\src\\Illuminate\\Foundation\\PackageManifest.php(132): Illuminate\\Foundation\\PackageManifest->write()
#1 C:\\Users\\Auxtic03\\OneDrive - LEGUMEX, S.A\\Escritorio\\WholeProjectReciJoco\\reciclajeprojectapi-laravel\\vendor\\laravel\\framework\\src\\Illuminate\\Foundation\\PackageManifest.php(108): Illuminate\\Foundation\\PackageManifest->build()
#2 C:\\Users\\Auxtic03\\OneDrive - LEGUMEX, S.A\\Escritorio\\WholeProjectReciJoco\\reciclajeprojectapi-laravel\\vendor\\laravel\\framework\\src\\Illuminate\\Foundation\\PackageManifest.php(90): Illuminate\\Foundation\\PackageManifest->getManifest()
#3 C:\\Users\\Auxtic03\\OneDrive - LEGUMEX, S.A\\Escritorio\\WholeProjectReciJoco\\reciclajeprojectapi-laravel\\vendor\\laravel\\framework\\src\\Illuminate\\Foundation\\PackageManifest.php(79): Illuminate\\Foundation\\PackageManifest->config()
#4 C:\\Users\\Auxtic03\\OneDrive - LEGUMEX, S.A\\Escritorio\\WholeProjectReciJoco\\reciclajeprojectapi-laravel\\vendor\\laravel\\framework\\src\\Illuminate\\Foundation\\Bootstrap\\RegisterFacades.php(26): Illuminate\\Foundation\\PackageManifest->aliases()
#5 C:\\Users\\Auxtic03\\OneDrive - LEGUMEX, S.A\\Escritorio\\WholeProjectReciJoco\\reciclajeprojectapi-laravel\\vendor\\laravel\\framework\\src\\Illuminate\\Foundation\\Application.php(341): Illuminate\\Foundation\\Bootstrap\\RegisterFacades->bootstrap()
#6 C:\\Users\\Auxtic03\\OneDrive - LEGUMEX, S.A\\Escritorio\\WholeProjectReciJoco\\reciclajeprojectapi-laravel\\vendor\\laravel\\framework\\src\\Illuminate\\Foundation\\Console\\Kernel.php(473): Illuminate\\Foundation\\Application->bootstrapWith()
#7 C:\\Users\\Auxtic03\\OneDrive - LEGUMEX, S.A\\Escritorio\\WholeProjectReciJoco\\reciclajeprojectapi-laravel\\vendor\\laravel\\framework\\src\\Illuminate\\Foundation\\Console\\Kernel.php(195): Illuminate\\Foundation\\Console\\Kernel->bootstrap()
#8 C:\\Users\\Auxtic03\\OneDrive - LEGUMEX, S.A\\Escritorio\\WholeProjectReciJoco\\reciclajeprojectapi-laravel\\vendor\\laravel\\framework\\src\\Illuminate\\Foundation\\Application.php(1234): Illuminate\\Foundation\\Console\\Kernel->handle()
#9 C:\\Users\\Auxtic03\\OneDrive - LEGUMEX, S.A\\Escritorio\\WholeProjectReciJoco\\reciclajeprojectapi-laravel\\artisan(16): Illuminate\\Foundation\\Application->handleCommand()
#10 {main}
"} 
[2025-05-17 20:14:02] production.ERROR: The C:\Users\Auxtic03\OneDrive - LEGUMEX, S.A\Escritorio\WholeProjectReciJoco\reciclajeprojectapi-laravel\bootstrap\cache directory must be present and writable. {"exception":"[object] (Exception(code: 0): The C:\\Users\\Auxtic03\\OneDrive - LEGUMEX, S.A\\Escritorio\\WholeProjectReciJoco\\reciclajeprojectapi-laravel\\bootstrap\\cache directory must be present and writable. at C:\\Users\\Auxtic03\\OneDrive - LEGUMEX, S.A\\Escritorio\\WholeProjectReciJoco\\reciclajeprojectapi-laravel\\vendor\\laravel\\framework\\src\\Illuminate\\Foundation\\PackageManifest.php:179)
[stacktrace]
#0 C:\\Users\\Auxtic03\\OneDrive - LEGUMEX, S.A\\Escritorio\\WholeProjectReciJoco\\reciclajeprojectapi-laravel\\vendor\\laravel\\framework\\src\\Illuminate\\Foundation\\PackageManifest.php(132): Illuminate\\Foundation\\PackageManifest->write()
#1 C:\\Users\\Auxtic03\\OneDrive - LEGUMEX, S.A\\Escritorio\\WholeProjectReciJoco\\reciclajeprojectapi-laravel\\vendor\\laravel\\framework\\src\\Illuminate\\Foundation\\PackageManifest.php(108): Illuminate\\Foundation\\PackageManifest->build()
#2 C:\\Users\\Auxtic03\\OneDrive - LEGUMEX, S.A\\Escritorio\\WholeProjectReciJoco\\reciclajeprojectapi-laravel\\vendor\\laravel\\framework\\src\\Illuminate\\Foundation\\PackageManifest.php(90): Illuminate\\Foundation\\PackageManifest->getManifest()
#3 C:\\Users\\Auxtic03\\OneDrive - LEGUMEX, S.A\\Escritorio\\WholeProjectReciJoco\\reciclajeprojectapi-laravel\\vendor\\laravel\\framework\\src\\Illuminate\\Foundation\\PackageManifest.php(79): Illuminate\\Foundation\\PackageManifest->config()
#4 C:\\Users\\Auxtic03\\OneDrive - LEGUMEX, S.A\\Escritorio\\WholeProjectReciJoco\\reciclajeprojectapi-laravel\\vendor\\laravel\\framework\\src\\Illuminate\\Foundation\\Bootstrap\\RegisterFacades.php(26): Illuminate\\Foundation\\PackageManifest->aliases()
#5 C:\\Users\\Auxtic03\\OneDrive - LEGUMEX, S.A\\Escritorio\\WholeProjectReciJoco\\reciclajeprojectapi-laravel\\vendor\\laravel\\framework\\src\\Illuminate\\Foundation\\Application.php(341): Illuminate\\Foundation\\Bootstrap\\RegisterFacades->bootstrap()
#6 C:\\Users\\Auxtic03\\OneDrive - LEGUMEX, S.A\\Escritorio\\WholeProjectReciJoco\\reciclajeprojectapi-laravel\\vendor\\laravel\\framework\\src\\Illuminate\\Foundation\\Console\\Kernel.php(473): Illuminate\\Foundation\\Application->bootstrapWith()
#7 C:\\Users\\Auxtic03\\OneDrive - LEGUMEX, S.A\\Escritorio\\WholeProjectReciJoco\\reciclajeprojectapi-laravel\\vendor\\laravel\\framework\\src\\Illuminate\\Foundation\\Console\\Kernel.php(195): Illuminate\\Foundation\\Console\\Kernel->bootstrap()
#8 C:\\Users\\Auxtic03\\OneDrive - LEGUMEX, S.A\\Escritorio\\WholeProjectReciJoco\\reciclajeprojectapi-laravel\\vendor\\laravel\\framework\\src\\Illuminate\\Foundation\\Application.php(1234): Illuminate\\Foundation\\Console\\Kernel->handle()
#9 C:\\Users\\Auxtic03\\OneDrive - LEGUMEX, S.A\\Escritorio\\WholeProjectReciJoco\\reciclajeprojectapi-laravel\\artisan(16): Illuminate\\Foundation\\Application->handleCommand()
#10 {main}
"} 
[2025-05-26 19:24:14] production.ERROR: The C:\Users\Auxtic03\OneDrive - LEGUMEX, S.A\Escritorio\WholeProjectReciJoco\reciclajeprojectapi-laravel\bootstrap\cache directory must be present and writable. {"exception":"[object] (Exception(code: 0): The C:\\Users\\Auxtic03\\OneDrive - LEGUMEX, S.A\\Escritorio\\WholeProjectReciJoco\\reciclajeprojectapi-laravel\\bootstrap\\cache directory must be present and writable. at C:\\Users\\Auxtic03\\OneDrive - LEGUMEX, S.A\\Escritorio\\WholeProjectReciJoco\\reciclajeprojectapi-laravel\\vendor\\laravel\\framework\\src\\Illuminate\\Foundation\\PackageManifest.php:179)
[stacktrace]
#0 C:\\Users\\Auxtic03\\OneDrive - LEGUMEX, S.A\\Escritorio\\WholeProjectReciJoco\\reciclajeprojectapi-laravel\\vendor\\laravel\\framework\\src\\Illuminate\\Foundation\\PackageManifest.php(132): Illuminate\\Foundation\\PackageManifest->write()
#1 C:\\Users\\Auxtic03\\OneDrive - LEGUMEX, S.A\\Escritorio\\WholeProjectReciJoco\\reciclajeprojectapi-laravel\\vendor\\laravel\\framework\\src\\Illuminate\\Foundation\\PackageManifest.php(108): Illuminate\\Foundation\\PackageManifest->build()
#2 C:\\Users\\Auxtic03\\OneDrive - LEGUMEX, S.A\\Escritorio\\WholeProjectReciJoco\\reciclajeprojectapi-laravel\\vendor\\laravel\\framework\\src\\Illuminate\\Foundation\\PackageManifest.php(90): Illuminate\\Foundation\\PackageManifest->getManifest()
#3 C:\\Users\\Auxtic03\\OneDrive - LEGUMEX, S.A\\Escritorio\\WholeProjectReciJoco\\reciclajeprojectapi-laravel\\vendor\\laravel\\framework\\src\\Illuminate\\Foundation\\PackageManifest.php(79): Illuminate\\Foundation\\PackageManifest->config()
#4 C:\\Users\\Auxtic03\\OneDrive - LEGUMEX, S.A\\Escritorio\\WholeProjectReciJoco\\reciclajeprojectapi-laravel\\vendor\\laravel\\framework\\src\\Illuminate\\Foundation\\Bootstrap\\RegisterFacades.php(26): Illuminate\\Foundation\\PackageManifest->aliases()
#5 C:\\Users\\Auxtic03\\OneDrive - LEGUMEX, S.A\\Escritorio\\WholeProjectReciJoco\\reciclajeprojectapi-laravel\\vendor\\laravel\\framework\\src\\Illuminate\\Foundation\\Application.php(341): Illuminate\\Foundation\\Bootstrap\\RegisterFacades->bootstrap()
#6 C:\\Users\\Auxtic03\\OneDrive - LEGUMEX, S.A\\Escritorio\\WholeProjectReciJoco\\reciclajeprojectapi-laravel\\vendor\\laravel\\framework\\src\\Illuminate\\Foundation\\Console\\Kernel.php(473): Illuminate\\Foundation\\Application->bootstrapWith()
#7 C:\\Users\\Auxtic03\\OneDrive - LEGUMEX, S.A\\Escritorio\\WholeProjectReciJoco\\reciclajeprojectapi-laravel\\vendor\\laravel\\framework\\src\\Illuminate\\Foundation\\Console\\Kernel.php(195): Illuminate\\Foundation\\Console\\Kernel->bootstrap()
#8 C:\\Users\\Auxtic03\\OneDrive - LEGUMEX, S.A\\Escritorio\\WholeProjectReciJoco\\reciclajeprojectapi-laravel\\vendor\\laravel\\framework\\src\\Illuminate\\Foundation\\Application.php(1234): Illuminate\\Foundation\\Console\\Kernel->handle()
#9 C:\\Users\\Auxtic03\\OneDrive - LEGUMEX, S.A\\Escritorio\\WholeProjectReciJoco\\reciclajeprojectapi-laravel\\artisan(16): Illuminate\\Foundation\\Application->handleCommand()
#10 {main}
"} 
[2025-05-26 19:31:11] production.ERROR: The C:\Users\Auxtic03\OneDrive - LEGUMEX, S.A\Escritorio\WholeProjectReciJoco\reciclajeprojectapi-laravel\bootstrap\cache directory must be present and writable. {"exception":"[object] (Exception(code: 0): The C:\\Users\\Auxtic03\\OneDrive - LEGUMEX, S.A\\Escritorio\\WholeProjectReciJoco\\reciclajeprojectapi-laravel\\bootstrap\\cache directory must be present and writable. at C:\\Users\\Auxtic03\\OneDrive - LEGUMEX, S.A\\Escritorio\\WholeProjectReciJoco\\reciclajeprojectapi-laravel\\vendor\\laravel\\framework\\src\\Illuminate\\Foundation\\PackageManifest.php:179)
[stacktrace]
#0 C:\\Users\\Auxtic03\\OneDrive - LEGUMEX, S.A\\Escritorio\\WholeProjectReciJoco\\reciclajeprojectapi-laravel\\vendor\\laravel\\framework\\src\\Illuminate\\Foundation\\PackageManifest.php(132): Illuminate\\Foundation\\PackageManifest->write()
#1 C:\\Users\\Auxtic03\\OneDrive - LEGUMEX, S.A\\Escritorio\\WholeProjectReciJoco\\reciclajeprojectapi-laravel\\vendor\\laravel\\framework\\src\\Illuminate\\Foundation\\PackageManifest.php(108): Illuminate\\Foundation\\PackageManifest->build()
#2 C:\\Users\\Auxtic03\\OneDrive - LEGUMEX, S.A\\Escritorio\\WholeProjectReciJoco\\reciclajeprojectapi-laravel\\vendor\\laravel\\framework\\src\\Illuminate\\Foundation\\PackageManifest.php(90): Illuminate\\Foundation\\PackageManifest->getManifest()
#3 C:\\Users\\Auxtic03\\OneDrive - LEGUMEX, S.A\\Escritorio\\WholeProjectReciJoco\\reciclajeprojectapi-laravel\\vendor\\laravel\\framework\\src\\Illuminate\\Foundation\\PackageManifest.php(79): Illuminate\\Foundation\\PackageManifest->config()
#4 C:\\Users\\Auxtic03\\OneDrive - LEGUMEX, S.A\\Escritorio\\WholeProjectReciJoco\\reciclajeprojectapi-laravel\\vendor\\laravel\\framework\\src\\Illuminate\\Foundation\\Bootstrap\\RegisterFacades.php(26): Illuminate\\Foundation\\PackageManifest->aliases()
#5 C:\\Users\\Auxtic03\\OneDrive - LEGUMEX, S.A\\Escritorio\\WholeProjectReciJoco\\reciclajeprojectapi-laravel\\vendor\\laravel\\framework\\src\\Illuminate\\Foundation\\Application.php(341): Illuminate\\Foundation\\Bootstrap\\RegisterFacades->bootstrap()
#6 C:\\Users\\Auxtic03\\OneDrive - LEGUMEX, S.A\\Escritorio\\WholeProjectReciJoco\\reciclajeprojectapi-laravel\\vendor\\laravel\\framework\\src\\Illuminate\\Foundation\\Console\\Kernel.php(473): Illuminate\\Foundation\\Application->bootstrapWith()
#7 C:\\Users\\Auxtic03\\OneDrive - LEGUMEX, S.A\\Escritorio\\WholeProjectReciJoco\\reciclajeprojectapi-laravel\\vendor\\laravel\\framework\\src\\Illuminate\\Foundation\\Console\\Kernel.php(195): Illuminate\\Foundation\\Console\\Kernel->bootstrap()
#8 C:\\Users\\Auxtic03\\OneDrive - LEGUMEX, S.A\\Escritorio\\WholeProjectReciJoco\\reciclajeprojectapi-laravel\\vendor\\laravel\\framework\\src\\Illuminate\\Foundation\\Application.php(1234): Illuminate\\Foundation\\Console\\Kernel->handle()
#9 C:\\Users\\Auxtic03\\OneDrive - LEGUMEX, S.A\\Escritorio\\WholeProjectReciJoco\\reciclajeprojectapi-laravel\\artisan(16): Illuminate\\Foundation\\Application->handleCommand()
#10 {main}
"} 
[2025-05-26 20:38:35] production.ERROR: The C:\Users\Auxtic03\OneDrive - LEGUMEX, S.A\Escritorio\WholeProjectReciJoco\reciclajeprojectapi-laravel\bootstrap\cache directory must be present and writable. {"exception":"[object] (Exception(code: 0): The C:\\Users\\Auxtic03\\OneDrive - LEGUMEX, S.A\\Escritorio\\WholeProjectReciJoco\\reciclajeprojectapi-laravel\\bootstrap\\cache directory must be present and writable. at C:\\Users\\Auxtic03\\OneDrive - LEGUMEX, S.A\\Escritorio\\WholeProjectReciJoco\\reciclajeprojectapi-laravel\\vendor\\laravel\\framework\\src\\Illuminate\\Foundation\\PackageManifest.php:179)
[stacktrace]
#0 C:\\Users\\Auxtic03\\OneDrive - LEGUMEX, S.A\\Escritorio\\WholeProjectReciJoco\\reciclajeprojectapi-laravel\\vendor\\laravel\\framework\\src\\Illuminate\\Foundation\\PackageManifest.php(132): Illuminate\\Foundation\\PackageManifest->write()
#1 C:\\Users\\Auxtic03\\OneDrive - LEGUMEX, S.A\\Escritorio\\WholeProjectReciJoco\\reciclajeprojectapi-laravel\\vendor\\laravel\\framework\\src\\Illuminate\\Foundation\\PackageManifest.php(108): Illuminate\\Foundation\\PackageManifest->build()
#2 C:\\Users\\Auxtic03\\OneDrive - LEGUMEX, S.A\\Escritorio\\WholeProjectReciJoco\\reciclajeprojectapi-laravel\\vendor\\laravel\\framework\\src\\Illuminate\\Foundation\\PackageManifest.php(90): Illuminate\\Foundation\\PackageManifest->getManifest()
#3 C:\\Users\\Auxtic03\\OneDrive - LEGUMEX, S.A\\Escritorio\\WholeProjectReciJoco\\reciclajeprojectapi-laravel\\vendor\\laravel\\framework\\src\\Illuminate\\Foundation\\PackageManifest.php(79): Illuminate\\Foundation\\PackageManifest->config()
#4 C:\\Users\\Auxtic03\\OneDrive - LEGUMEX, S.A\\Escritorio\\WholeProjectReciJoco\\reciclajeprojectapi-laravel\\vendor\\laravel\\framework\\src\\Illuminate\\Foundation\\Bootstrap\\RegisterFacades.php(26): Illuminate\\Foundation\\PackageManifest->aliases()
#5 C:\\Users\\Auxtic03\\OneDrive - LEGUMEX, S.A\\Escritorio\\WholeProjectReciJoco\\reciclajeprojectapi-laravel\\vendor\\laravel\\framework\\src\\Illuminate\\Foundation\\Application.php(341): Illuminate\\Foundation\\Bootstrap\\RegisterFacades->bootstrap()
#6 C:\\Users\\Auxtic03\\OneDrive - LEGUMEX, S.A\\Escritorio\\WholeProjectReciJoco\\reciclajeprojectapi-laravel\\vendor\\laravel\\framework\\src\\Illuminate\\Foundation\\Console\\Kernel.php(473): Illuminate\\Foundation\\Application->bootstrapWith()
#7 C:\\Users\\Auxtic03\\OneDrive - LEGUMEX, S.A\\Escritorio\\WholeProjectReciJoco\\reciclajeprojectapi-laravel\\vendor\\laravel\\framework\\src\\Illuminate\\Foundation\\Console\\Kernel.php(195): Illuminate\\Foundation\\Console\\Kernel->bootstrap()
#8 C:\\Users\\Auxtic03\\OneDrive - LEGUMEX, S.A\\Escritorio\\WholeProjectReciJoco\\reciclajeprojectapi-laravel\\vendor\\laravel\\framework\\src\\Illuminate\\Foundation\\Application.php(1234): Illuminate\\Foundation\\Console\\Kernel->handle()
#9 C:\\Users\\Auxtic03\\OneDrive - LEGUMEX, S.A\\Escritorio\\WholeProjectReciJoco\\reciclajeprojectapi-laravel\\artisan(16): Illuminate\\Foundation\\Application->handleCommand()
#10 {main}
"} 
